[{"line":1,"elements":[{"start_timestamp":"2025-08-29T08:50:09.838Z","line":4,"name":"Login with correct data","description":"","id":"login;login-with-correct-data","type":"scenario","keyword":"Scenario","steps":[{"result":{"duration":2855701000,"status":"passed"},"line":5,"name":"User launches Chrome browser","match":{"location":"com.ilcarro.stepDefinition.HomePageSteps.launch_Chrome_browser()"},"keyword":"Given "},{"result":{"duration":1227476000,"status":"passed"},"line":6,"name":"User opens ilcarro Home Page","match":{"location":"com.ilcarro.stepDefinition.HomePageSteps.open_HomePage()"},"keyword":"When "},{"result":{"duration":132319000,"status":"passed"},"line":7,"name":"User clicks on Login link","match":{"location":"com.ilcarro.stepDefinition.LoginSteps.click_on_Login_link()"},"keyword":"And "},{"result":{"duration":717434000,"status":"passed"},"line":8,"name":"User enters correct data","match":{"location":"com.ilcarro.stepDefinition.LoginSteps.enter_correct_data()"},"keyword":"And "},{"result":{"duration":159018000,"status":"passed"},"line":9,"name":"User clicks on Yalla button","match":{"location":"com.ilcarro.stepDefinition.LoginSteps.click_on_Yalla()"},"keyword":"And "},{"result":{"error_message":"org.openqa.selenium.TimeoutException: Expected condition failed: waiting for text ('Logged in success') to be present in element Proxy element for: DefaultElementLocator 'By.cssSelector: h2.message' (tried for 10 second(s) with 500 milliseconds interval)\n\tat org.openqa.selenium.support.ui.WebDriverWait.timeoutException(WebDriverWait.java:84)\n\tat org.openqa.selenium.support.ui.FluentWait.until(FluentWait.java:228)\n\tat com.ilcarro.pages.BasePage.shouldHaveText(BasePage.java:58)\n\tat com.ilcarro.pages.LoginPage.verifyMessage(LoginPage.java:40)\n\tat com.ilcarro.stepDefinition.LoginSteps.verify_Success(LoginSteps.java:30)\n\tat âœ½.User verifies SuccessMessage is displayed(file:///Users/karinailchenko/QA/FirstCucumberProject/src/test/resources/features/login.feature:10)\nCaused by: org.openqa.selenium.NoSuchElementException: no such element: Unable to locate element: {\"method\":\"css selector\",\"selector\":\"h2.message\"}\n  (Session info: chrome=139.0.7258.154)\nFor documentation on this error, please visit: https://www.selenium.dev/documentation/webdriver/troubleshooting/errors#no-such-element-exception\nBuild info: version: '4.35.0', revision: '1c58e5028b'\nSystem info: os.name: 'Mac OS X', os.arch: 'aarch64', os.version: '14.6.1', java.version: '17.0.15'\nDriver info: org.openqa.selenium.chrome.ChromeDriver\nCommand: [be3301a20ef980d5c7bd2a37b6eef696, findElement {using=css selector, value=h2.message}]\nCapabilities {acceptInsecureCerts: false, browserName: chrome, browserVersion: 139.0.7258.154, chrome: {chromedriverVersion: 139.0.7258.154 (9e0d6b2b47f..., userDataDir: /var/folders/6p/4qc2l9r54xb...}, fedcm:accounts: true, goog:chromeOptions: {debuggerAddress: localhost:55300}, networkConnectionEnabled: false, pageLoadStrategy: normal, platformName: mac, proxy: Proxy(), se:cdp: ws://localhost:55300/devtoo..., se:cdpVersion: 139.0.7258.154, setWindowRect: true, strictFileInteractability: false, timeouts: {implicit: 0, pageLoad: 300000, script: 30000}, unhandledPromptBehavior: dismiss and notify, webauthn:extension:credBlob: true, webauthn:extension:largeBlob: true, webauthn:extension:minPinLength: true, webauthn:extension:prf: true, webauthn:virtualAuthenticators: true}\nSession ID: be3301a20ef980d5c7bd2a37b6eef696\n\tat java.base/jdk.internal.reflect.NativeConstructorAccessorImpl.newInstance0(Native Method)\n\tat java.base/jdk.internal.reflect.NativeConstructorAccessorImpl.newInstance(NativeConstructorAccessorImpl.java:77)\n\tat java.base/jdk.internal.reflect.DelegatingConstructorAccessorImpl.newInstance(DelegatingConstructorAccessorImpl.java:45)\n\tat java.base/java.lang.reflect.Constructor.newInstanceWithCaller(Constructor.java:500)\n\tat java.base/java.lang.reflect.Constructor.newInstance(Constructor.java:481)\n\tat org.openqa.selenium.remote.ErrorCodec.decode(ErrorCodec.java:167)\n\tat org.openqa.selenium.remote.codec.w3c.W3CHttpResponseCodec.decode(W3CHttpResponseCodec.java:138)\n\tat org.openqa.selenium.remote.codec.w3c.W3CHttpResponseCodec.decode(W3CHttpResponseCodec.java:50)\n\tat org.openqa.selenium.remote.HttpCommandExecutor.execute(HttpCommandExecutor.java:215)\n\tat org.openqa.selenium.remote.service.DriverCommandExecutor.invokeExecute(DriverCommandExecutor.java:216)\n\tat org.openqa.selenium.remote.service.DriverCommandExecutor.execute(DriverCommandExecutor.java:174)\n\tat org.openqa.selenium.remote.RemoteWebDriver.execute(RemoteWebDriver.java:557)\n\tat org.openqa.selenium.remote.ElementLocation$ElementFinder$2.findElement(ElementLocation.java:165)\n\tat org.openqa.selenium.remote.ElementLocation.findElement(ElementLocation.java:59)\n\tat org.openqa.selenium.remote.RemoteWebDriver.findElement(RemoteWebDriver.java:380)\n\tat org.openqa.selenium.remote.RemoteWebDriver.findElement(RemoteWebDriver.java:374)\n\tat org.openqa.selenium.support.pagefactory.DefaultElementLocator.findElement(DefaultElementLocator.java:68)\n\tat org.openqa.selenium.support.pagefactory.internal.LocatingElementHandler.invoke(LocatingElementHandler.java:38)\n\tat jdk.proxy3/jdk.proxy3.$Proxy24.getText(Unknown Source)\n\tat org.openqa.selenium.support.ui.ExpectedConditions$12.apply(ExpectedConditions.java:343)\n\tat org.openqa.selenium.support.ui.ExpectedConditions$12.apply(ExpectedConditions.java:339)\n\tat org.openqa.selenium.support.ui.FluentWait.until(FluentWait.java:203)\n\t... 4 more\n","duration":28861047000,"status":"failed"},"line":10,"name":"User verifies SuccessMessage is displayed","match":{"location":"com.ilcarro.stepDefinition.LoginSteps.verify_Success()"},"keyword":"Then "},{"result":{"duration":102000,"status":"skipped"},"line":11,"name":"User quites browser","match":{"location":"com.ilcarro.stepDefinition.HomePageSteps.quit_browser()"},"keyword":"And "}],"tags":[{"name":"@positive"}]}],"name":"Login","description":"","id":"login","keyword":"Feature","uri":"file:src/test/resources/features/login.feature","tags":[]},{"line":1,"elements":[{"start_timestamp":"2025-08-29T08:50:43.837Z","line":4,"name":"Verify Home Page title is displayed","description":"","id":"homepage;verify-home-page-title-is-displayed","type":"scenario","keyword":"Scenario","steps":[{"result":{"duration":3297901000,"status":"passed"},"line":5,"name":"User launches Chrome browser","match":{"location":"com.ilcarro.stepDefinition.HomePageSteps.launch_Chrome_browser()"},"keyword":"Given "},{"result":{"duration":906110000,"status":"passed"},"line":6,"name":"User opens ilcarro Home Page","match":{"location":"com.ilcarro.stepDefinition.HomePageSteps.open_HomePage()"},"keyword":"When "},{"result":{"duration":29834000,"status":"passed"},"line":7,"name":"User verifies Home Page title is displayed","match":{"location":"com.ilcarro.stepDefinition.HomePageSteps.verify_HomePage_title()"},"keyword":"Then "},{"result":{"duration":112263000,"status":"passed"},"line":8,"name":"User quites browser","match":{"location":"com.ilcarro.stepDefinition.HomePageSteps.quit_browser()"},"keyword":"And "}],"tags":[{"name":"@navigate"}]}],"name":"HomePage","description":"","id":"homepage","keyword":"Feature","uri":"file:src/test/resources/features/navigate.feature","tags":[]}]