<!DOCTYPE html>
<html>
<head>
<meta http-equiv="Content-Type" content="text/html; charset=utf-8"/>
<meta http-equiv="x-ua-compatible" content="IE=edge"/>
<title>Test results - Class Login</title>
<link href="../css/base-style.css" rel="stylesheet" type="text/css"/>
<link href="../css/style.css" rel="stylesheet" type="text/css"/>
<script src="../js/report.js" type="text/javascript"></script>
</head>
<body>
<div id="content">
<h1>Class Login</h1>
<div class="breadcrumbs">
<a href="../index.html">all</a> &gt; 
<a href="../packages/default-package.html">default-package</a> &gt; Login</div>
<div id="summary">
<table>
<tr>
<td>
<div class="summaryGroup">
<table>
<tr>
<td>
<div class="infoBox" id="tests">
<div class="counter">1</div>
<p>tests</p>
</div>
</td>
<td>
<div class="infoBox" id="failures">
<div class="counter">1</div>
<p>failures</p>
</div>
</td>
<td>
<div class="infoBox" id="ignored">
<div class="counter">0</div>
<p>ignored</p>
</div>
</td>
<td>
<div class="infoBox" id="duration">
<div class="counter">34.046s</div>
<p>duration</p>
</div>
</td>
</tr>
</table>
</div>
</td>
<td>
<div class="infoBox failures" id="successRate">
<div class="percent">0%</div>
<p>successful</p>
</div>
</td>
</tr>
</table>
</div>
<div class="tab-container">
<ul class="tabLinks">
<li>
<a href="#">Failed tests</a>
</li>
<li>
<a href="#">Tests</a>
</li>
<li>
<a href="#">Standard output</a>
</li>
<li>
<a href="#">Standard error</a>
</li>
</ul>
<div class="tab">
<h2>Failed tests</h2>
<div class="test">
<a name="Login with correct data"></a>
<h3 class="failures">Login with correct data</h3>
<span class="code">
<pre>org.openqa.selenium.TimeoutException: Expected condition failed: waiting for text ('Logged in success') to be present in element Proxy element for: DefaultElementLocator 'By.cssSelector: h2.message' (tried for 10 second(s) with 500 milliseconds interval)
	at app//org.openqa.selenium.support.ui.WebDriverWait.timeoutException(WebDriverWait.java:84)
	at app//org.openqa.selenium.support.ui.FluentWait.until(FluentWait.java:228)
	at app//com.ilcarro.pages.BasePage.shouldHaveText(BasePage.java:58)
	at app//com.ilcarro.pages.LoginPage.verifyMessage(LoginPage.java:40)
	at app//com.ilcarro.stepDefinition.LoginSteps.verify_Success(LoginSteps.java:30)
	at ✽.User verifies SuccessMessage is displayed(file:///Users/karinailchenko/QA/FirstCucumberProject/src/test/resources/features/login.feature:10)
Caused by: org.openqa.selenium.NoSuchElementException: no such element: Unable to locate element: {&quot;method&quot;:&quot;css selector&quot;,&quot;selector&quot;:&quot;h2.message&quot;}
  (Session info: chrome=139.0.7258.154)
For documentation on this error, please visit: https://www.selenium.dev/documentation/webdriver/troubleshooting/errors#no-such-element-exception
Build info: version: '4.35.0', revision: '1c58e5028b'
System info: os.name: 'Mac OS X', os.arch: 'aarch64', os.version: '14.6.1', java.version: '17.0.15'
Driver info: org.openqa.selenium.chrome.ChromeDriver
Command: [be3301a20ef980d5c7bd2a37b6eef696, findElement {using=css selector, value=h2.message}]
Capabilities {acceptInsecureCerts: false, browserName: chrome, browserVersion: 139.0.7258.154, chrome: {chromedriverVersion: 139.0.7258.154 (9e0d6b2b47f..., userDataDir: /var/folders/6p/4qc2l9r54xb...}, fedcm:accounts: true, goog:chromeOptions: {debuggerAddress: localhost:55300}, networkConnectionEnabled: false, pageLoadStrategy: normal, platformName: mac, proxy: Proxy(), se:cdp: ws://localhost:55300/devtoo..., se:cdpVersion: 139.0.7258.154, setWindowRect: true, strictFileInteractability: false, timeouts: {implicit: 0, pageLoad: 300000, script: 30000}, unhandledPromptBehavior: dismiss and notify, webauthn:extension:credBlob: true, webauthn:extension:largeBlob: true, webauthn:extension:minPinLength: true, webauthn:extension:prf: true, webauthn:virtualAuthenticators: true}
Session ID: be3301a20ef980d5c7bd2a37b6eef696
	at java.base@17.0.15/jdk.internal.reflect.NativeConstructorAccessorImpl.newInstance0(Native Method)
	at java.base@17.0.15/jdk.internal.reflect.NativeConstructorAccessorImpl.newInstance(NativeConstructorAccessorImpl.java:77)
	at java.base@17.0.15/jdk.internal.reflect.DelegatingConstructorAccessorImpl.newInstance(DelegatingConstructorAccessorImpl.java:45)
	at java.base@17.0.15/java.lang.reflect.Constructor.newInstanceWithCaller(Constructor.java:500)
	at java.base@17.0.15/java.lang.reflect.Constructor.newInstance(Constructor.java:481)
	at app//org.openqa.selenium.remote.ErrorCodec.decode(ErrorCodec.java:167)
	at app//org.openqa.selenium.remote.codec.w3c.W3CHttpResponseCodec.decode(W3CHttpResponseCodec.java:138)
	at app//org.openqa.selenium.remote.codec.w3c.W3CHttpResponseCodec.decode(W3CHttpResponseCodec.java:50)
	at app//org.openqa.selenium.remote.HttpCommandExecutor.execute(HttpCommandExecutor.java:215)
	at app//org.openqa.selenium.remote.service.DriverCommandExecutor.invokeExecute(DriverCommandExecutor.java:216)
	at app//org.openqa.selenium.remote.service.DriverCommandExecutor.execute(DriverCommandExecutor.java:174)
	at app//org.openqa.selenium.remote.RemoteWebDriver.execute(RemoteWebDriver.java:557)
	at app//org.openqa.selenium.remote.ElementLocation$ElementFinder$2.findElement(ElementLocation.java:165)
	at app//org.openqa.selenium.remote.ElementLocation.findElement(ElementLocation.java:59)
	at app//org.openqa.selenium.remote.RemoteWebDriver.findElement(RemoteWebDriver.java:380)
	at app//org.openqa.selenium.remote.RemoteWebDriver.findElement(RemoteWebDriver.java:374)
	at app//org.openqa.selenium.support.pagefactory.DefaultElementLocator.findElement(DefaultElementLocator.java:68)
	at app//org.openqa.selenium.support.pagefactory.internal.LocatingElementHandler.invoke(LocatingElementHandler.java:38)
	at app/jdk.proxy3/jdk.proxy3.$Proxy24.getText(Unknown Source)
	at app//org.openqa.selenium.support.ui.ExpectedConditions$12.apply(ExpectedConditions.java:343)
	at app//org.openqa.selenium.support.ui.ExpectedConditions$12.apply(ExpectedConditions.java:339)
	at app//org.openqa.selenium.support.ui.FluentWait.until(FluentWait.java:203)
	... 4 more
</pre>
</span>
</div>
</div>
<div class="tab">
<h2>Tests</h2>
<table>
<thead>
<tr>
<th>Test</th>
<th>Duration</th>
<th>Result</th>
</tr>
</thead>
<tr>
<td class="failures">Login with correct data</td>
<td class="failures">34.046s</td>
<td class="failures">failed</td>
</tr>
</table>
</div>
<div class="tab">
<h2>Standard output</h2>
<span class="code">
<pre>
@positive
?[1mScenario:?[22m Login with correct data                  ?[90m# file:///Users/karinailchenko/QA/FirstCucumberProject/src/test/resources/features/login.feature:4?[39m
  ?[32m✔?[39m ?[32m?[1mGiven ?[22mUser launches Chrome browser?[39m             ?[90m# com.ilcarro.stepDefinition.HomePageSteps.launch_Chrome_browser()?[39m
  ?[32m✔?[39m ?[32m?[1mWhen ?[22mUser opens ilcarro Home Page?[39m              ?[90m# com.ilcarro.stepDefinition.HomePageSteps.open_HomePage()?[39m
  ?[32m✔?[39m ?[32m?[1mAnd ?[22mUser clicks on Login link?[39m                  ?[90m# com.ilcarro.stepDefinition.LoginSteps.click_on_Login_link()?[39m
  ?[32m✔?[39m ?[32m?[1mAnd ?[22mUser enters correct data?[39m                   ?[90m# com.ilcarro.stepDefinition.LoginSteps.enter_correct_data()?[39m
  ?[32m✔?[39m ?[32m?[1mAnd ?[22mUser clicks on Yalla button?[39m                ?[90m# com.ilcarro.stepDefinition.LoginSteps.click_on_Yalla()?[39m
  ?[31m✘?[39m ?[31m?[1mThen ?[22mUser verifies SuccessMessage is displayed?[39m ?[90m# com.ilcarro.stepDefinition.LoginSteps.verify_Success()?[39m
        ?[31morg.openqa.selenium.TimeoutException: Expected condition failed: waiting for text ('Logged in success') to be present in element Proxy element for: DefaultElementLocator 'By.cssSelector: h2.message' (tried for 10 second(s) with 500 milliseconds interval)?[39m
        ?[31m	at org.openqa.selenium.support.ui.WebDriverWait.timeoutException(WebDriverWait.java:84)?[39m
        ?[31m	at org.openqa.selenium.support.ui.FluentWait.until(FluentWait.java:228)?[39m
        ?[31m	at com.ilcarro.pages.BasePage.shouldHaveText(BasePage.java:58)?[39m
        ?[31m	at com.ilcarro.pages.LoginPage.verifyMessage(LoginPage.java:40)?[39m
        ?[31m	at com.ilcarro.stepDefinition.LoginSteps.verify_Success(LoginSteps.java:30)?[39m
        ?[31m	at ✽.User verifies SuccessMessage is displayed(file:///Users/karinailchenko/QA/FirstCucumberProject/src/test/resources/features/login.feature:10)?[39m
        ?[31mCaused by: org.openqa.selenium.NoSuchElementException: no such element: Unable to locate element: {&quot;method&quot;:&quot;css selector&quot;,&quot;selector&quot;:&quot;h2.message&quot;}?[39m
        ?[31m  (Session info: chrome=139.0.7258.154)?[39m
        ?[31mFor documentation on this error, please visit: https://www.selenium.dev/documentation/webdriver/troubleshooting/errors#no-such-element-exception?[39m
        ?[31mBuild info: version: '4.35.0', revision: '1c58e5028b'?[39m
        ?[31mSystem info: os.name: 'Mac OS X', os.arch: 'aarch64', os.version: '14.6.1', java.version: '17.0.15'?[39m
        ?[31mDriver info: org.openqa.selenium.chrome.ChromeDriver?[39m
        ?[31mCommand: [be3301a20ef980d5c7bd2a37b6eef696, findElement {using=css selector, value=h2.message}]?[39m
        ?[31mCapabilities {acceptInsecureCerts: false, browserName: chrome, browserVersion: 139.0.7258.154, chrome: {chromedriverVersion: 139.0.7258.154 (9e0d6b2b47f..., userDataDir: /var/folders/6p/4qc2l9r54xb...}, fedcm:accounts: true, goog:chromeOptions: {debuggerAddress: localhost:55300}, networkConnectionEnabled: false, pageLoadStrategy: normal, platformName: mac, proxy: Proxy(), se:cdp: ws://localhost:55300/devtoo..., se:cdpVersion: 139.0.7258.154, setWindowRect: true, strictFileInteractability: false, timeouts: {implicit: 0, pageLoad: 300000, script: 30000}, unhandledPromptBehavior: dismiss and notify, webauthn:extension:credBlob: true, webauthn:extension:largeBlob: true, webauthn:extension:minPinLength: true, webauthn:extension:prf: true, webauthn:virtualAuthenticators: true}?[39m
        ?[31mSession ID: be3301a20ef980d5c7bd2a37b6eef696?[39m
        ?[31m	at java.base/jdk.internal.reflect.NativeConstructorAccessorImpl.newInstance0(Native Method)?[39m
        ?[31m	at java.base/jdk.internal.reflect.NativeConstructorAccessorImpl.newInstance(NativeConstructorAccessorImpl.java:77)?[39m
        ?[31m	at java.base/jdk.internal.reflect.DelegatingConstructorAccessorImpl.newInstance(DelegatingConstructorAccessorImpl.java:45)?[39m
        ?[31m	at java.base/java.lang.reflect.Constructor.newInstanceWithCaller(Constructor.java:500)?[39m
        ?[31m	at java.base/java.lang.reflect.Constructor.newInstance(Constructor.java:481)?[39m
        ?[31m	at org.openqa.selenium.remote.ErrorCodec.decode(ErrorCodec.java:167)?[39m
        ?[31m	at org.openqa.selenium.remote.codec.w3c.W3CHttpResponseCodec.decode(W3CHttpResponseCodec.java:138)?[39m
        ?[31m	at org.openqa.selenium.remote.codec.w3c.W3CHttpResponseCodec.decode(W3CHttpResponseCodec.java:50)?[39m
        ?[31m	at org.openqa.selenium.remote.HttpCommandExecutor.execute(HttpCommandExecutor.java:215)?[39m
        ?[31m	at org.openqa.selenium.remote.service.DriverCommandExecutor.invokeExecute(DriverCommandExecutor.java:216)?[39m
        ?[31m	at org.openqa.selenium.remote.service.DriverCommandExecutor.execute(DriverCommandExecutor.java:174)?[39m
        ?[31m	at org.openqa.selenium.remote.RemoteWebDriver.execute(RemoteWebDriver.java:557)?[39m
        ?[31m	at org.openqa.selenium.remote.ElementLocation$ElementFinder$2.findElement(ElementLocation.java:165)?[39m
        ?[31m	at org.openqa.selenium.remote.ElementLocation.findElement(ElementLocation.java:59)?[39m
        ?[31m	at org.openqa.selenium.remote.RemoteWebDriver.findElement(RemoteWebDriver.java:380)?[39m
        ?[31m	at org.openqa.selenium.remote.RemoteWebDriver.findElement(RemoteWebDriver.java:374)?[39m
        ?[31m	at org.openqa.selenium.support.pagefactory.DefaultElementLocator.findElement(DefaultElementLocator.java:68)?[39m
        ?[31m	at org.openqa.selenium.support.pagefactory.internal.LocatingElementHandler.invoke(LocatingElementHandler.java:38)?[39m
        ?[31m	at jdk.proxy3/jdk.proxy3.$Proxy24.getText(Unknown Source)?[39m
        ?[31m	at org.openqa.selenium.support.ui.ExpectedConditions$12.apply(ExpectedConditions.java:343)?[39m
        ?[31m	at org.openqa.selenium.support.ui.ExpectedConditions$12.apply(ExpectedConditions.java:339)?[39m
        ?[31m	at org.openqa.selenium.support.ui.FluentWait.until(FluentWait.java:203)?[39m
        ?[31m	... 4 more?[39m
  ?[36m↷?[39m ?[36m?[1mAnd ?[22mUser quites browser?[39m                        ?[90m# com.ilcarro.stepDefinition.HomePageSteps.quit_browser()?[39m
</pre>
</span>
</div>
<div class="tab">
<h2>Standard error</h2>
<span class="code">
<pre>SLF4J(W): No SLF4J providers were found.
SLF4J(W): Defaulting to no-operation (NOP) logger implementation
SLF4J(W): See https://www.slf4j.org/codes.html#noProviders for further details.
</pre>
</span>
</div>
</div>
<div id="footer">
<p>
<div>
<label class="hidden" id="label-for-line-wrapping-toggle" for="line-wrapping-toggle">Wrap lines
<input id="line-wrapping-toggle" type="checkbox" autocomplete="off"/>
</label>
</div>Generated by 
<a href="https://www.gradle.org">Gradle 8.14.3</a> at 29 серп. 2025 р., 11:50:48</p>
</div>
</div>
</body>
</html>
